<?xml version="1.0" encoding="UTF-8"?>
<robot generator="Robot 6.0.2 (Python 3.10.6 on linux)" generated="20230330 20:08:43.706" rpa="false" schemaversion="3">
<suite id="s1" name="Tests3" source="/home/mykola/Desktop/Testing/tests3.robot">
<test id="s1-t1" name="Create Binary File" line="7">
<kw name="Run Process" library="Process">
<var>${result}</var>
<arg>python3</arg>
<arg>cli.py</arg>
<arg>bin-create</arg>
<arg>root/</arg>
<arg>bin1</arg>
<arg>content</arg>
<doc>Runs a process and waits for it to complete.</doc>
<msg timestamp="20230330 20:08:43.807" level="INFO">Starting process:
python3 cli.py bin-create root/ bin1 content</msg>
<msg timestamp="20230330 20:08:43.809" level="INFO">Waiting for process to complete.</msg>
<msg timestamp="20230330 20:08:43.998" level="INFO">Process completed.</msg>
<msg timestamp="20230330 20:08:43.998" level="INFO">${result} = &lt;result object with rc 0&gt;</msg>
<status status="PASS" starttime="20230330 20:08:43.807" endtime="20230330 20:08:43.998"/>
</kw>
<kw name="Convert String To Json" library="JSONLibrary">
<var>${json}</var>
<arg>${result.stdout}</arg>
<doc>Convert String to JSON object</doc>
<msg timestamp="20230330 20:08:43.999" level="INFO">${json} = {'success': True}</msg>
<status status="PASS" starttime="20230330 20:08:43.999" endtime="20230330 20:08:43.999"/>
</kw>
<kw name="Should Be True" library="BuiltIn">
<arg>${json['success']}</arg>
<doc>Fails if the given condition is not true.</doc>
<status status="PASS" starttime="20230330 20:08:43.999" endtime="20230330 20:08:44.000"/>
</kw>
<status status="PASS" starttime="20230330 20:08:43.807" endtime="20230330 20:08:44.000"/>
</test>
<test id="s1-t2" name="Delete Binary File" line="12">
<kw name="Run Process" library="Process">
<var>${result}</var>
<arg>python3</arg>
<arg>cli.py</arg>
<arg>bin-delete</arg>
<arg>root/bin1</arg>
<doc>Runs a process and waits for it to complete.</doc>
<msg timestamp="20230330 20:08:44.001" level="INFO">Starting process:
python3 cli.py bin-delete root/bin1</msg>
<msg timestamp="20230330 20:08:44.003" level="INFO">Waiting for process to complete.</msg>
<msg timestamp="20230330 20:08:44.189" level="INFO">Process completed.</msg>
<msg timestamp="20230330 20:08:44.190" level="INFO">${result} = &lt;result object with rc 0&gt;</msg>
<status status="PASS" starttime="20230330 20:08:44.001" endtime="20230330 20:08:44.190"/>
</kw>
<kw name="Convert String To Json" library="JSONLibrary">
<var>${json}</var>
<arg>${result.stdout}</arg>
<doc>Convert String to JSON object</doc>
<msg timestamp="20230330 20:08:44.191" level="INFO">${json} = {'success': True}</msg>
<status status="PASS" starttime="20230330 20:08:44.190" endtime="20230330 20:08:44.191"/>
</kw>
<kw name="Should Be True" library="BuiltIn">
<arg>${json['success']}</arg>
<doc>Fails if the given condition is not true.</doc>
<status status="PASS" starttime="20230330 20:08:44.191" endtime="20230330 20:08:44.191"/>
</kw>
<status status="PASS" starttime="20230330 20:08:44.000" endtime="20230330 20:08:44.191"/>
</test>
<test id="s1-t3" name="Create Directory" line="17">
<kw name="Run Process" library="Process">
<var>${result}</var>
<arg>python3</arg>
<arg>cli.py</arg>
<arg>dir-create</arg>
<arg>root/</arg>
<arg>dir76</arg>
<doc>Runs a process and waits for it to complete.</doc>
<msg timestamp="20230330 20:08:44.192" level="INFO">Starting process:
python3 cli.py dir-create root/ dir76</msg>
<msg timestamp="20230330 20:08:44.194" level="INFO">Waiting for process to complete.</msg>
<msg timestamp="20230330 20:08:44.380" level="INFO">Process completed.</msg>
<msg timestamp="20230330 20:08:44.380" level="INFO">${result} = &lt;result object with rc 0&gt;</msg>
<status status="PASS" starttime="20230330 20:08:44.192" endtime="20230330 20:08:44.380"/>
</kw>
<kw name="Convert String To Json" library="JSONLibrary">
<var>${json}</var>
<arg>${result.stdout}</arg>
<doc>Convert String to JSON object</doc>
<msg timestamp="20230330 20:08:44.381" level="INFO">${json} = {'success': True}</msg>
<status status="PASS" starttime="20230330 20:08:44.380" endtime="20230330 20:08:44.381"/>
</kw>
<kw name="Should Be True" library="BuiltIn">
<arg>${json['success']}</arg>
<doc>Fails if the given condition is not true.</doc>
<status status="PASS" starttime="20230330 20:08:44.381" endtime="20230330 20:08:44.382"/>
</kw>
<status status="PASS" starttime="20230330 20:08:44.192" endtime="20230330 20:08:44.382"/>
</test>
<test id="s1-t4" name="Create Log File" line="22">
<kw name="Run Process" library="Process">
<var>${result}</var>
<arg>python3</arg>
<arg>cli.py</arg>
<arg>log-create</arg>
<arg>root/</arg>
<arg>log1</arg>
<doc>Runs a process and waits for it to complete.</doc>
<msg timestamp="20230330 20:08:44.382" level="INFO">Starting process:
python3 cli.py log-create root/ log1</msg>
<msg timestamp="20230330 20:08:44.384" level="INFO">Waiting for process to complete.</msg>
<msg timestamp="20230330 20:08:44.571" level="INFO">Process completed.</msg>
<msg timestamp="20230330 20:08:44.571" level="INFO">${result} = &lt;result object with rc 0&gt;</msg>
<status status="PASS" starttime="20230330 20:08:44.382" endtime="20230330 20:08:44.571"/>
</kw>
<kw name="Convert String To Json" library="JSONLibrary">
<var>${json}</var>
<arg>${result.stdout}</arg>
<doc>Convert String to JSON object</doc>
<msg timestamp="20230330 20:08:44.573" level="INFO">${json} = {'success': True}</msg>
<status status="PASS" starttime="20230330 20:08:44.572" endtime="20230330 20:08:44.573"/>
</kw>
<kw name="Should Be True" library="BuiltIn">
<arg>${json['success']}</arg>
<doc>Fails if the given condition is not true.</doc>
<status status="PASS" starttime="20230330 20:08:44.573" endtime="20230330 20:08:44.574"/>
</kw>
<status status="PASS" starttime="20230330 20:08:44.382" endtime="20230330 20:08:44.574"/>
</test>
<test id="s1-t5" name="Delete Log File" line="27">
<kw name="Run Process" library="Process">
<var>${result}</var>
<arg>python3</arg>
<arg>cli.py</arg>
<arg>log-delete</arg>
<arg>root/log1</arg>
<doc>Runs a process and waits for it to complete.</doc>
<msg timestamp="20230330 20:08:44.575" level="INFO">Starting process:
python3 cli.py log-delete root/log1</msg>
<msg timestamp="20230330 20:08:44.577" level="INFO">Waiting for process to complete.</msg>
<msg timestamp="20230330 20:08:44.762" level="INFO">Process completed.</msg>
<msg timestamp="20230330 20:08:44.762" level="INFO">${result} = &lt;result object with rc 0&gt;</msg>
<status status="PASS" starttime="20230330 20:08:44.575" endtime="20230330 20:08:44.762"/>
</kw>
<kw name="Convert String To Json" library="JSONLibrary">
<var>${json}</var>
<arg>${result.stdout}</arg>
<doc>Convert String to JSON object</doc>
<msg timestamp="20230330 20:08:44.763" level="INFO">${json} = {'success': True}</msg>
<status status="PASS" starttime="20230330 20:08:44.763" endtime="20230330 20:08:44.763"/>
</kw>
<kw name="Should Be True" library="BuiltIn">
<arg>${json['success']}</arg>
<doc>Fails if the given condition is not true.</doc>
<status status="PASS" starttime="20230330 20:08:44.763" endtime="20230330 20:08:44.764"/>
</kw>
<status status="PASS" starttime="20230330 20:08:44.574" endtime="20230330 20:08:44.764"/>
</test>
<test id="s1-t6" name="Create Buffer File" line="32">
<kw name="Run Process" library="Process">
<var>${result}</var>
<arg>python3</arg>
<arg>cli.py</arg>
<arg>buff-create</arg>
<arg>root/</arg>
<arg>buff1</arg>
<doc>Runs a process and waits for it to complete.</doc>
<msg timestamp="20230330 20:08:44.765" level="INFO">Starting process:
python3 cli.py buff-create root/ buff1</msg>
<msg timestamp="20230330 20:08:44.767" level="INFO">Waiting for process to complete.</msg>
<msg timestamp="20230330 20:08:44.954" level="INFO">Process completed.</msg>
<msg timestamp="20230330 20:08:44.954" level="INFO">${result} = &lt;result object with rc 0&gt;</msg>
<status status="PASS" starttime="20230330 20:08:44.764" endtime="20230330 20:08:44.954"/>
</kw>
<kw name="Convert String To Json" library="JSONLibrary">
<var>${json}</var>
<arg>${result.stdout}</arg>
<doc>Convert String to JSON object</doc>
<msg timestamp="20230330 20:08:44.955" level="INFO">${json} = {'success': True}</msg>
<status status="PASS" starttime="20230330 20:08:44.955" endtime="20230330 20:08:44.955"/>
</kw>
<kw name="Should Be True" library="BuiltIn">
<arg>${json['success']}</arg>
<doc>Fails if the given condition is not true.</doc>
<status status="PASS" starttime="20230330 20:08:44.956" endtime="20230330 20:08:44.956"/>
</kw>
<status status="PASS" starttime="20230330 20:08:44.764" endtime="20230330 20:08:44.956"/>
</test>
<test id="s1-t7" name="Delete Buffer File" line="37">
<kw name="Run Process" library="Process">
<var>${result}</var>
<arg>python3</arg>
<arg>cli.py</arg>
<arg>buff-delete</arg>
<arg>root/buff1</arg>
<doc>Runs a process and waits for it to complete.</doc>
<msg timestamp="20230330 20:08:44.957" level="INFO">Starting process:
python3 cli.py buff-delete root/buff1</msg>
<msg timestamp="20230330 20:08:44.959" level="INFO">Waiting for process to complete.</msg>
<msg timestamp="20230330 20:08:45.147" level="INFO">Process completed.</msg>
<msg timestamp="20230330 20:08:45.147" level="INFO">${result} = &lt;result object with rc 0&gt;</msg>
<status status="PASS" starttime="20230330 20:08:44.957" endtime="20230330 20:08:45.147"/>
</kw>
<kw name="Convert String To Json" library="JSONLibrary">
<var>${json}</var>
<arg>${result.stdout}</arg>
<doc>Convert String to JSON object</doc>
<msg timestamp="20230330 20:08:45.148" level="INFO">${json} = {'success': True}</msg>
<status status="PASS" starttime="20230330 20:08:45.147" endtime="20230330 20:08:45.148"/>
</kw>
<kw name="Should Be True" library="BuiltIn">
<arg>${json['success']}</arg>
<doc>Fails if the given condition is not true.</doc>
<status status="PASS" starttime="20230330 20:08:45.148" endtime="20230330 20:08:45.148"/>
</kw>
<status status="PASS" starttime="20230330 20:08:44.956" endtime="20230330 20:08:45.149"/>
</test>
<test id="s1-t8" name="Create Directory With Same Name" line="42">
<kw name="Run Process" library="Process">
<var>${result}</var>
<arg>python3</arg>
<arg>cli.py</arg>
<arg>dir-create</arg>
<arg>root/</arg>
<arg>dir76</arg>
<doc>Runs a process and waits for it to complete.</doc>
<msg timestamp="20230330 20:08:45.149" level="INFO">Starting process:
python3 cli.py dir-create root/ dir76</msg>
<msg timestamp="20230330 20:08:45.151" level="INFO">Waiting for process to complete.</msg>
<msg timestamp="20230330 20:08:45.339" level="INFO">Process completed.</msg>
<msg timestamp="20230330 20:08:45.339" level="INFO">${result} = &lt;result object with rc 0&gt;</msg>
<status status="PASS" starttime="20230330 20:08:45.149" endtime="20230330 20:08:45.339"/>
</kw>
<kw name="Log" library="BuiltIn">
<arg>${result.stdout}</arg>
<doc>Logs the given message with the given level.</doc>
<msg timestamp="20230330 20:08:45.340" level="INFO">{"error_message": "Directory creation failed"}</msg>
<status status="PASS" starttime="20230330 20:08:45.340" endtime="20230330 20:08:45.340"/>
</kw>
<kw name="Convert String To Json" library="JSONLibrary">
<var>${json}</var>
<arg>${result.stdout}</arg>
<doc>Convert String to JSON object</doc>
<msg timestamp="20230330 20:08:45.341" level="INFO">${json} = {'error_message': 'Directory creation failed'}</msg>
<status status="PASS" starttime="20230330 20:08:45.340" endtime="20230330 20:08:45.341"/>
</kw>
<kw name="Should Be Equal As Strings" library="BuiltIn">
<arg>${json["error_message"]}</arg>
<arg>Directory creation failed</arg>
<doc>Fails if objects are unequal after converting them to strings.</doc>
<status status="PASS" starttime="20230330 20:08:45.341" endtime="20230330 20:08:45.341"/>
</kw>
<status status="PASS" starttime="20230330 20:08:45.149" endtime="20230330 20:08:45.342"/>
</test>
<test id="s1-t9" name="Delete Directory" line="48">
<kw name="Run Process" library="Process">
<var>${result}</var>
<arg>python3</arg>
<arg>cli.py</arg>
<arg>dir-delete</arg>
<arg>root/dir76</arg>
<doc>Runs a process and waits for it to complete.</doc>
<msg timestamp="20230330 20:08:45.342" level="INFO">Starting process:
python3 cli.py dir-delete root/dir76</msg>
<msg timestamp="20230330 20:08:45.344" level="INFO">Waiting for process to complete.</msg>
<msg timestamp="20230330 20:08:45.531" level="INFO">Process completed.</msg>
<msg timestamp="20230330 20:08:45.531" level="INFO">${result} = &lt;result object with rc 0&gt;</msg>
<status status="PASS" starttime="20230330 20:08:45.342" endtime="20230330 20:08:45.531"/>
</kw>
<kw name="Convert String To Json" library="JSONLibrary">
<var>${json}</var>
<arg>${result.stdout}</arg>
<doc>Convert String to JSON object</doc>
<msg timestamp="20230330 20:08:45.532" level="INFO">${json} = {'success': True}</msg>
<status status="PASS" starttime="20230330 20:08:45.531" endtime="20230330 20:08:45.532"/>
</kw>
<kw name="Should Be True" library="BuiltIn">
<arg>${json['success']}</arg>
<doc>Fails if the given condition is not true.</doc>
<status status="PASS" starttime="20230330 20:08:45.532" endtime="20230330 20:08:45.532"/>
</kw>
<status status="PASS" starttime="20230330 20:08:45.342" endtime="20230330 20:08:45.532"/>
</test>
<test id="s1-t10" name="Create File With Same Name" line="53">
<kw name="Run Process" library="Process">
<var>${result}</var>
<arg>python3</arg>
<arg>cli.py</arg>
<arg>log-create</arg>
<arg>root/</arg>
<arg>log1</arg>
<doc>Runs a process and waits for it to complete.</doc>
<msg timestamp="20230330 20:08:45.533" level="INFO">Starting process:
python3 cli.py log-create root/ log1</msg>
<msg timestamp="20230330 20:08:45.535" level="INFO">Waiting for process to complete.</msg>
<msg timestamp="20230330 20:08:45.721" level="INFO">Process completed.</msg>
<msg timestamp="20230330 20:08:45.721" level="INFO">${result} = &lt;result object with rc 0&gt;</msg>
<status status="PASS" starttime="20230330 20:08:45.533" endtime="20230330 20:08:45.721"/>
</kw>
<kw name="Convert String To Json" library="JSONLibrary">
<var>${json}</var>
<arg>${result.stdout}</arg>
<doc>Convert String to JSON object</doc>
<msg timestamp="20230330 20:08:45.722" level="INFO">${json} = {'success': True}</msg>
<status status="PASS" starttime="20230330 20:08:45.722" endtime="20230330 20:08:45.722"/>
</kw>
<kw name="Should Be Equal As Strings" library="BuiltIn">
<arg>${json["error_message"]}</arg>
<arg>File creation failed</arg>
<doc>Fails if objects are unequal after converting them to strings.</doc>
<msg timestamp="20230330 20:08:45.723" level="FAIL">Resolving variable '${json["error_message"]}' failed: KeyError: 'error_message'</msg>
<status status="FAIL" starttime="20230330 20:08:45.723" endtime="20230330 20:08:45.723"/>
</kw>
<status status="FAIL" starttime="20230330 20:08:45.533" endtime="20230330 20:08:45.723">Resolving variable '${json["error_message"]}' failed: KeyError: 'error_message'</status>
</test>
<test id="s1-t11" name="Create Directory With With Wrong Path" line="59">
<kw name="Run Process" library="Process">
<var>${result}</var>
<arg>python3</arg>
<arg>cli.py</arg>
<arg>dir-create</arg>
<arg>root/asdfsd/asdasd</arg>
<arg>dir76</arg>
<doc>Runs a process and waits for it to complete.</doc>
<msg timestamp="20230330 20:08:45.724" level="INFO">Starting process:
python3 cli.py dir-create root/asdfsd/asdasd dir76</msg>
<msg timestamp="20230330 20:08:45.726" level="INFO">Waiting for process to complete.</msg>
<msg timestamp="20230330 20:08:45.912" level="INFO">Process completed.</msg>
<msg timestamp="20230330 20:08:45.912" level="INFO">${result} = &lt;result object with rc 0&gt;</msg>
<status status="PASS" starttime="20230330 20:08:45.724" endtime="20230330 20:08:45.912"/>
</kw>
<kw name="Convert String To Json" library="JSONLibrary">
<var>${json}</var>
<arg>${result.stdout}</arg>
<doc>Convert String to JSON object</doc>
<msg timestamp="20230330 20:08:45.913" level="INFO">${json} = {'error_message': 'Directory creation failed'}</msg>
<status status="PASS" starttime="20230330 20:08:45.912" endtime="20230330 20:08:45.913"/>
</kw>
<kw name="Should Be Equal As Strings" library="BuiltIn">
<arg>${json["error_message"]}</arg>
<arg>Directory creation failed</arg>
<doc>Fails if objects are unequal after converting them to strings.</doc>
<status status="PASS" starttime="20230330 20:08:45.913" endtime="20230330 20:08:45.914"/>
</kw>
<status status="PASS" starttime="20230330 20:08:45.723" endtime="20230330 20:08:45.914"/>
</test>
<test id="s1-t12" name="Delete Not Existing File" line="64">
<kw name="Run Process" library="Process">
<var>${result}</var>
<arg>python3</arg>
<arg>cli.py</arg>
<arg>log-delete</arg>
<arg>root/sdfsdf/sdfsdf</arg>
<doc>Runs a process and waits for it to complete.</doc>
<msg timestamp="20230330 20:08:45.915" level="INFO">Starting process:
python3 cli.py log-delete root/sdfsdf/sdfsdf</msg>
<msg timestamp="20230330 20:08:45.917" level="INFO">Waiting for process to complete.</msg>
<msg timestamp="20230330 20:08:46.103" level="INFO">Process completed.</msg>
<msg timestamp="20230330 20:08:46.104" level="INFO">${result} = &lt;result object with rc 0&gt;</msg>
<status status="PASS" starttime="20230330 20:08:45.914" endtime="20230330 20:08:46.104"/>
</kw>
<kw name="Convert String To Json" library="JSONLibrary">
<var>${json}</var>
<arg>${result.stdout}</arg>
<doc>Convert String to JSON object</doc>
<msg timestamp="20230330 20:08:46.105" level="INFO">${json} = {'error_message': 'LogFile not found'}</msg>
<status status="PASS" starttime="20230330 20:08:46.104" endtime="20230330 20:08:46.105"/>
</kw>
<kw name="Should Be Equal As Strings" library="BuiltIn">
<arg>${json['error_message']}</arg>
<arg>LogFile not found</arg>
<doc>Fails if objects are unequal after converting them to strings.</doc>
<status status="PASS" starttime="20230330 20:08:46.105" endtime="20230330 20:08:46.105"/>
</kw>
<status status="PASS" starttime="20230330 20:08:45.914" endtime="20230330 20:08:46.105"/>
</test>
<test id="s1-t13" name="Delete Not Existing Directory" line="69">
<kw name="Run Process" library="Process">
<var>${result}</var>
<arg>python3</arg>
<arg>cli.py</arg>
<arg>dir-delete</arg>
<arg>root/sdfsdf/sdfsdf</arg>
<doc>Runs a process and waits for it to complete.</doc>
<msg timestamp="20230330 20:08:46.106" level="INFO">Starting process:
python3 cli.py dir-delete root/sdfsdf/sdfsdf</msg>
<msg timestamp="20230330 20:08:46.108" level="INFO">Waiting for process to complete.</msg>
<msg timestamp="20230330 20:08:46.293" level="INFO">Process completed.</msg>
<msg timestamp="20230330 20:08:46.293" level="INFO">${result} = &lt;result object with rc 0&gt;</msg>
<status status="PASS" starttime="20230330 20:08:46.106" endtime="20230330 20:08:46.293"/>
</kw>
<kw name="Convert String To Json" library="JSONLibrary">
<var>${json}</var>
<arg>${result.stdout}</arg>
<doc>Convert String to JSON object</doc>
<msg timestamp="20230330 20:08:46.294" level="INFO">${json} = {'error_message': 'Directory not found'}</msg>
<status status="PASS" starttime="20230330 20:08:46.293" endtime="20230330 20:08:46.294"/>
</kw>
<kw name="Should Be Equal As Strings" library="BuiltIn">
<arg>${json['error_message']}</arg>
<arg>Directory not found</arg>
<doc>Fails if objects are unequal after converting them to strings.</doc>
<status status="PASS" starttime="20230330 20:08:46.294" endtime="20230330 20:08:46.295"/>
</kw>
<status status="PASS" starttime="20230330 20:08:46.105" endtime="20230330 20:08:46.295"/>
</test>
<test id="s1-t14" name="Delete Wrong File Type" line="74">
<kw name="Run Process" library="Process">
<arg>python3</arg>
<arg>app.py</arg>
<arg>log-create</arg>
<arg>root/</arg>
<arg>log1</arg>
<doc>Runs a process and waits for it to complete.</doc>
<msg timestamp="20230330 20:08:46.295" level="INFO">Starting process:
python3 app.py log-create root/ log1</msg>
<msg timestamp="20230330 20:08:46.298" level="INFO">Waiting for process to complete.</msg>
<msg timestamp="20230330 20:08:46.307" level="INFO">Process completed.</msg>
<status status="PASS" starttime="20230330 20:08:46.295" endtime="20230330 20:08:46.307"/>
</kw>
<kw name="Run Process" library="Process">
<var>${result}</var>
<arg>python3</arg>
<arg>cli.py</arg>
<arg>buff-delete</arg>
<arg>root/log1</arg>
<doc>Runs a process and waits for it to complete.</doc>
<msg timestamp="20230330 20:08:46.308" level="INFO">Starting process:
python3 cli.py buff-delete root/log1</msg>
<msg timestamp="20230330 20:08:46.310" level="INFO">Waiting for process to complete.</msg>
<msg timestamp="20230330 20:08:46.499" level="INFO">Process completed.</msg>
<msg timestamp="20230330 20:08:46.499" level="INFO">${result} = &lt;result object with rc 0&gt;</msg>
<status status="PASS" starttime="20230330 20:08:46.308" endtime="20230330 20:08:46.499"/>
</kw>
<kw name="Convert String To Json" library="JSONLibrary">
<var>${json}</var>
<arg>${result.stdout}</arg>
<doc>Convert String to JSON object</doc>
<msg timestamp="20230330 20:08:46.500" level="INFO">${json} = {'error_message': 'BufferFile not found'}</msg>
<status status="PASS" starttime="20230330 20:08:46.499" endtime="20230330 20:08:46.500"/>
</kw>
<kw name="Should Be Equal As Strings" library="BuiltIn">
<arg>${json['error_message']}</arg>
<arg>BufferFile not found</arg>
<doc>Fails if objects are unequal after converting them to strings.</doc>
<status status="PASS" starttime="20230330 20:08:46.500" endtime="20230330 20:08:46.500"/>
</kw>
<status status="PASS" starttime="20230330 20:08:46.295" endtime="20230330 20:08:46.501"/>
</test>
<test id="s1-t15" name="Log Line To LogFile" line="80">
<kw name="Run Process" library="Process">
<var>${result}</var>
<arg>python3</arg>
<arg>cli.py</arg>
<arg>log-log</arg>
<arg>root/log1</arg>
<arg>line</arg>
<doc>Runs a process and waits for it to complete.</doc>
<msg timestamp="20230330 20:08:46.501" level="INFO">Starting process:
python3 cli.py log-log root/log1 line</msg>
<msg timestamp="20230330 20:08:46.503" level="INFO">Waiting for process to complete.</msg>
<msg timestamp="20230330 20:08:46.692" level="INFO">Process completed.</msg>
<msg timestamp="20230330 20:08:46.692" level="INFO">${result} = &lt;result object with rc 0&gt;</msg>
<status status="PASS" starttime="20230330 20:08:46.501" endtime="20230330 20:08:46.692"/>
</kw>
<kw name="Convert String To Json" library="JSONLibrary">
<var>${json}</var>
<arg>${result.stdout}</arg>
<doc>Convert String to JSON object</doc>
<msg timestamp="20230330 20:08:46.693" level="INFO">${json} = {'success': True}</msg>
<status status="PASS" starttime="20230330 20:08:46.693" endtime="20230330 20:08:46.693"/>
</kw>
<kw name="Should Be True" library="BuiltIn">
<arg>${json['success']}</arg>
<doc>Fails if the given condition is not true.</doc>
<status status="PASS" starttime="20230330 20:08:46.693" endtime="20230330 20:08:46.694"/>
</kw>
<status status="PASS" starttime="20230330 20:08:46.501" endtime="20230330 20:08:46.694"/>
</test>
<test id="s1-t16" name="Log Line To Not LogFile" line="85">
<kw name="Run Process" library="Process">
<arg>python3</arg>
<arg>cli.py</arg>
<arg>buff-create</arg>
<arg>root/</arg>
<arg>buff1</arg>
<doc>Runs a process and waits for it to complete.</doc>
<msg timestamp="20230330 20:08:46.695" level="INFO">Starting process:
python3 cli.py buff-create root/ buff1</msg>
<msg timestamp="20230330 20:08:46.697" level="INFO">Waiting for process to complete.</msg>
<msg timestamp="20230330 20:08:46.892" level="INFO">Process completed.</msg>
<status status="PASS" starttime="20230330 20:08:46.694" endtime="20230330 20:08:46.892"/>
</kw>
<kw name="Run Process" library="Process">
<var>${result}</var>
<arg>python3</arg>
<arg>cli.py</arg>
<arg>log-log</arg>
<arg>root/buff1</arg>
<arg>line</arg>
<doc>Runs a process and waits for it to complete.</doc>
<msg timestamp="20230330 20:08:46.893" level="INFO">Starting process:
python3 cli.py log-log root/buff1 line</msg>
<msg timestamp="20230330 20:08:46.895" level="INFO">Waiting for process to complete.</msg>
<msg timestamp="20230330 20:08:47.082" level="INFO">Process completed.</msg>
<msg timestamp="20230330 20:08:47.083" level="INFO">${result} = &lt;result object with rc 0&gt;</msg>
<status status="PASS" starttime="20230330 20:08:46.893" endtime="20230330 20:08:47.083"/>
</kw>
<kw name="Convert String To Json" library="JSONLibrary">
<var>${json}</var>
<arg>${result.stdout}</arg>
<doc>Convert String to JSON object</doc>
<msg timestamp="20230330 20:08:47.084" level="INFO">${json} = {'error_message': 'File do not supports logging'}</msg>
<status status="PASS" starttime="20230330 20:08:47.083" endtime="20230330 20:08:47.084"/>
</kw>
<kw name="Should Be Equal As Strings" library="BuiltIn">
<arg>${json['error_message']}</arg>
<arg>File do not supports logging</arg>
<doc>Fails if objects are unequal after converting them to strings.</doc>
<status status="PASS" starttime="20230330 20:08:47.084" endtime="20230330 20:08:47.084"/>
</kw>
<status status="PASS" starttime="20230330 20:08:46.694" endtime="20230330 20:08:47.085"/>
</test>
<test id="s1-t17" name="Push Element To BufferFile" line="91">
<kw name="Run Process" library="Process">
<var>${result}</var>
<arg>python3</arg>
<arg>cli.py</arg>
<arg>buff-push</arg>
<arg>root/buff1</arg>
<arg>element1</arg>
<doc>Runs a process and waits for it to complete.</doc>
<msg timestamp="20230330 20:08:47.085" level="INFO">Starting process:
python3 cli.py buff-push root/buff1 element1</msg>
<msg timestamp="20230330 20:08:47.087" level="INFO">Waiting for process to complete.</msg>
<msg timestamp="20230330 20:08:47.273" level="INFO">Process completed.</msg>
<msg timestamp="20230330 20:08:47.273" level="INFO">${result} = &lt;result object with rc 0&gt;</msg>
<status status="PASS" starttime="20230330 20:08:47.085" endtime="20230330 20:08:47.273"/>
</kw>
<kw name="Convert String To Json" library="JSONLibrary">
<var>${json}</var>
<arg>${result.stdout}</arg>
<doc>Convert String to JSON object</doc>
<msg timestamp="20230330 20:08:47.274" level="INFO">${json} = {'success': True}</msg>
<status status="PASS" starttime="20230330 20:08:47.274" endtime="20230330 20:08:47.274"/>
</kw>
<kw name="Should Be True" library="BuiltIn">
<arg>${json['success']}</arg>
<doc>Fails if the given condition is not true.</doc>
<status status="PASS" starttime="20230330 20:08:47.275" endtime="20230330 20:08:47.275"/>
</kw>
<kw name="*** Keywords ***">
<msg timestamp="20230330 20:08:47.277" level="FAIL">No keyword with name '*** Keywords ***' found.</msg>
<status status="FAIL" starttime="20230330 20:08:47.277" endtime="20230330 20:08:47.277"/>
</kw>
<status status="FAIL" starttime="20230330 20:08:47.085" endtime="20230330 20:08:47.277">No keyword with name '*** Keywords ***' found.</status>
</test>
<test id="s1-t18" name="Read And Parse Output" line="98">
<kw name="Get File" library="OperatingSystem">
<var>${file_content}</var>
<arg>${path}</arg>
<doc>Returns the contents of a specified file.</doc>
<msg timestamp="20230330 20:08:47.278" level="FAIL">Variable '${path}' not found.</msg>
<status status="FAIL" starttime="20230330 20:08:47.277" endtime="20230330 20:08:47.278"/>
</kw>
<kw name="Load JSON From String">
<var>${json}</var>
<arg>${file_content}</arg>
<status status="NOT RUN" starttime="20230330 20:08:47.279" endtime="20230330 20:08:47.279"/>
</kw>
<kw name="Should Be True" library="BuiltIn">
<arg>${json['success']}</arg>
<doc>Fails if the given condition is not true.</doc>
<status status="NOT RUN" starttime="20230330 20:08:47.279" endtime="20230330 20:08:47.280"/>
</kw>
<status status="FAIL" starttime="20230330 20:08:47.277" endtime="20230330 20:08:47.280">Variable '${path}' not found.</status>
</test>
<status status="FAIL" starttime="20230330 20:08:43.707" endtime="20230330 20:08:47.280"/>
</suite>
<statistics>
<total>
<stat pass="15" fail="3" skip="0">All Tests</stat>
</total>
<tag>
</tag>
<suite>
<stat pass="15" fail="3" skip="0" id="s1" name="Tests3">Tests3</stat>
</suite>
</statistics>
<errors>
<msg timestamp="20230330 20:08:43.704" level="ERROR">Error in file '/home/mykola/Desktop/Testing/tests3.robot' on line 99: Setting 'Arguments' is not allowed with tests or tasks.</msg>
</errors>
</robot>
